  memory.cpp
D:\Github RepLocal\KhaBanhPeek\KhaBanhPeek\sdk\Memory\memory.h(8,31): warning C4244: '=': conversion from 'uintptr_t' to 'DWORD', possible loss of data
  (compiling source file 'sdk/Memory/memory.cpp')
  
D:\Github RepLocal\KhaBanhPeek\KhaBanhPeek\sdk\Memory\memory.cpp(42,27): warning C4311: 'type cast': pointer truncation from 'void *' to 'DWORD'
D:\Github RepLocal\KhaBanhPeek\KhaBanhPeek\sdk\Memory\memory.cpp(42,27): warning C4302: 'type cast': truncation from 'void *' to 'DWORD'
D:\Github RepLocal\KhaBanhPeek\KhaBanhPeek\sdk\Memory\memory.cpp(42,40): warning C4311: 'type cast': pointer truncation from 'void *' to 'DWORD'
D:\Github RepLocal\KhaBanhPeek\KhaBanhPeek\sdk\Memory\memory.cpp(42,40): warning C4302: 'type cast': truncation from 'void *' to 'DWORD'
D:\Github RepLocal\KhaBanhPeek\KhaBanhPeek\sdk\Memory\memory.cpp(45,12): warning C4311: 'type cast': pointer truncation from 'void *' to 'DWORD'
D:\Github RepLocal\KhaBanhPeek\KhaBanhPeek\sdk\Memory\memory.cpp(45,12): warning C4302: 'type cast': truncation from 'void *' to 'DWORD'
D:\Github RepLocal\KhaBanhPeek\KhaBanhPeek\sdk\Memory\memory.cpp(45,3): warning C4312: 'type cast': conversion from 'DWORD' to 'DWORD *' of greater size
  Tool.cpp
  Aimbot.cpp
D:\Github RepLocal\KhaBanhPeek\KhaBanhPeek\sdk\memory\memory.h(8,31): warning C4244: '=': conversion from 'uintptr_t' to 'DWORD', possible loss of data
  (compiling source file 'src/bot/Aimbot.cpp')
  
D:\Github RepLocal\KhaBanhPeek\KhaBanhPeek\src\bot\Aimbot.cpp(5,16): warning C4244: 'return': conversion from 'double' to 'float', possible loss of data
  TriggerBot.cpp
D:\Github RepLocal\KhaBanhPeek\KhaBanhPeek\sdk\memory\memory.h(8,31): warning C4244: '=': conversion from 'uintptr_t' to 'DWORD', possible loss of data
  (compiling source file 'src/bot/TriggerBot.cpp')
  
D:\Github RepLocal\KhaBanhPeek\KhaBanhPeek\src\bot\TriggerBot.cpp(43,11): warning C4244: 'argument': conversion from 'float' to 'DWORD', possible loss of data
D:\Github RepLocal\KhaBanhPeek\KhaBanhPeek\src\bot\TriggerBot.cpp(63,12): warning C4244: 'return': conversion from 'float' to 'int', possible loss of data
  Entry.cpp
D:\Github RepLocal\KhaBanhPeek\KhaBanhPeek\sdk\memory\memory.h(8,31): warning C4244: '=': conversion from 'uintptr_t' to 'DWORD', possible loss of data
  (compiling source file 'src/Entry.cpp')
  
  Misc.cpp
D:\Github RepLocal\KhaBanhPeek\KhaBanhPeek\sdk\memory\memory.h(8,31): warning C4244: '=': conversion from 'uintptr_t' to 'DWORD', possible loss of data
  (compiling source file 'src/misc/Misc.cpp')
  
  LocalPlayer.cpp
D:\Github RepLocal\KhaBanhPeek\KhaBanhPeek\sdk\memory\memory.h(8,31): warning C4244: '=': conversion from 'uintptr_t' to 'DWORD', possible loss of data
  (compiling source file 'src/schemas/LocalPlayer.cpp')
  
D:\Github RepLocal\KhaBanhPeek\KhaBanhPeek\src\schemas\LocalPlayer.cpp(42,23): warning C4244: 'initializing': conversion from 'double' to 'float', possible loss of data
D:\Github RepLocal\KhaBanhPeek\KhaBanhPeek\src\schemas\LocalPlayer.cpp(44,14): warning C4244: 'initializing': conversion from 'double' to 'float', possible loss of data
D:\Github RepLocal\KhaBanhPeek\KhaBanhPeek\src\schemas\LocalPlayer.cpp(45,12): warning C4244: 'initializing': conversion from 'double' to 'float', possible loss of data
D:\Github RepLocal\KhaBanhPeek\KhaBanhPeek\src\schemas\LocalPlayer.cpp(66,13): warning C4244: 'return': conversion from 'double' to 'float', possible loss of data
  Player.cpp
D:\Github RepLocal\KhaBanhPeek\KhaBanhPeek\sdk\memory\memory.h(8,31): warning C4244: '=': conversion from 'uintptr_t' to 'DWORD', possible loss of data
  (compiling source file 'src/schemas/Player.cpp')
  
D:\Github RepLocal\KhaBanhPeek\KhaBanhPeek\src\schemas\Player.cpp(38,12): warning C4244: 'return': conversion from 'uintptr_t' to 'int', possible loss of data
  PlayerAction.cpp
  Glow.cpp
D:\Github RepLocal\KhaBanhPeek\KhaBanhPeek\sdk\memory\memory.h(8,31): warning C4244: '=': conversion from 'uintptr_t' to 'DWORD', possible loss of data
  (compiling source file 'src/visual/Glow.cpp')
  
  Generating Code...
D:\Github RepLocal\KhaBanhPeek\KhaBanhPeek\src\schemas\LocalPlayer.cpp(53,1): warning C4715: 'LocalPlayer::CalcAngle': not all control paths return a value
  KhaBanhPeek.vcxproj -> D:\Github RepLocal\KhaBanhPeek\KhaBanhPeek\x64\Debug\KhaBanhPeek.dll
